[2024-04-17T02:07:32.284] [INFO] wanOgmiosServiceLog - 
 ...[ChainSyncMaestroService]...rollBackward...point...:  {
  slot: 98747203,
  id: '84410f42ce8a6d2fbcd0d570a659266b915ffba11db749cf143626cd19c53df6'
}
[2024-04-17T02:07:32.309] [INFO] wanOgmiosServiceLog - 
 ...[RecordSecurityHandler]blocksOption::  {
  blockTxs: {
    '$elemMatch': { treasury_related: true, security_Confirmed: false }
  }
}
[2024-04-17T02:07:32.309] [INFO] wanOgmiosServiceLog - 
 ...[RecordSecurityHandler]fetchBlockInfosByOption::  []
[2024-04-17T02:07:32.310] [INFO] wanOgmiosServiceLog - 
 ...[RecordSecurityHandler]tokenFilterOption...:  [
  {
    tokenId: {
      '$regex': /^526d246045bf4a66ae86fd7a9985a91ef3752113f9daa9060bb54be6./
    }
  },
  {
    tokenId: {
      '$regex': /^992eefaec3fed37e3cdd4e9063721f0f2e231d61934a9f538b492f5c./
    }
  }
]
[2024-04-17T02:07:32.312] [INFO] wanOgmiosServiceLog - 
 ...[RecordSecurityHandler]get mint tx failed...:  CastError: Cast to Array failed for value "undefined" (type undefined) at path "$or" for model "mintInfo"
    at model.Query.exec (/home/ubuntu/WanOgmiosService_Maestro/node_modules/mongoose/lib/query.js:4921:21)
    at model.Query.Query.then (/home/ubuntu/WanOgmiosService_Maestro/node_modules/mongoose/lib/query.js:5020:15)
    at processTicksAndRejections (node:internal/process/task_queues:96:5) {
  messageFormat: undefined,
  stringValue: '"undefined"',
  kind: 'Array',
  value: undefined,
  path: '$or',
  reason: undefined,
  valueType: 'undefined'
}
[2024-04-17T02:07:33.459] [INFO] wanOgmiosServiceLog - 
 ...[ChainSyncMaestroService]...rollForward...fetch babbage: :  9075761
[2024-04-17T02:39:49.566] [INFO] wanOgmiosServiceLog - 
 ...[ChainSyncMaestroService]...rollBackward...point...:  {
  slot: 98747203,
  id: '84410f42ce8a6d2fbcd0d570a659266b915ffba11db749cf143626cd19c53df6'
}
[2024-04-17T02:39:49.571] [INFO] wanOgmiosServiceLog - 
 ...[RecordSecurityHandler]blocksOption::  {
  blockTxs: {
    '$elemMatch': { treasury_related: true, security_Confirmed: false }
  }
}
[2024-04-17T02:39:49.571] [INFO] wanOgmiosServiceLog - 
 ...[RecordSecurityHandler]fetchBlockInfosByOption::  []
[2024-04-17T02:39:49.572] [INFO] wanOgmiosServiceLog - 
 ...[RecordSecurityHandler]tokenFilterOption...:  [
  {
    tokenId: {
      '$regex': /^526d246045bf4a66ae86fd7a9985a91ef3752113f9daa9060bb54be6./
    }
  },
  {
    tokenId: {
      '$regex': /^992eefaec3fed37e3cdd4e9063721f0f2e231d61934a9f538b492f5c./
    }
  }
]
[2024-04-17T02:39:49.573] [INFO] wanOgmiosServiceLog - 
 ...[RecordSecurityHandler]get mint tx failed...:  CastError: Cast to Array failed for value "undefined" (type undefined) at path "$or" for model "mintInfo"
    at model.Query.exec (/home/ubuntu/WanOgmiosService_Maestro/node_modules/mongoose/lib/query.js:4921:21)
    at model.Query.Query.then (/home/ubuntu/WanOgmiosService_Maestro/node_modules/mongoose/lib/query.js:5020:15)
    at processTicksAndRejections (node:internal/process/task_queues:96:5) {
  messageFormat: undefined,
  stringValue: '"undefined"',
  kind: 'Array',
  value: undefined,
  path: '$or',
  reason: undefined,
  valueType: 'undefined'
}
[2024-04-17T02:39:50.705] [INFO] wanOgmiosServiceLog - 
 ...[ChainSyncMaestroService]...rollForward...fetch babbage: :  9075761
[2024-04-17T02:40:01.323] [INFO] wanOgmiosServiceLog - 
 ...[ChainSyncMaestroService]...rollForward...fetch babbage: :  9075762
